Arguments: 
  C:\Program Files\nodejs\node.exe C:\Users\MacBook\AppData\Roaming\npm\node_modules\yarn\bin\yarn.js init

PATH: 
  C:\Users\MacBook\bin;C:\Program Files\Git\mingw64\bin;C:\Program Files\Git\usr\local\bin;C:\Program Files\Git\usr\bin;C:\Program Files\Git\usr\bin;C:\Program Files\Git\mingw64\bin;C:\Program Files\Git\usr\bin;C:\Users\MacBook\bin;C:\Program Files (x86)\VMware\VMware Workstation\bin;C:\Windows\system32;C:\Windows;C:\Windows\System32\Wbem;C:\Windows\System32\WindowsPowerShell\v1.0;C:\Windows\System32\OpenSSH;C:\ProgramData\chocolatey\bin;C:\Strawberry\c\bin;C:\Strawberry\perl\site\bin;C:\Strawberry\perl\bin;C:\Qt\Qt5.14.0\5.14.0\msvc2017_64\bin;C:\Program Files\Sublime Text 3;C:\Program Files\dotnet;C:\ProgramData\Anaconda3;C:\ProgramData\Anaconda3\Scripts;C:\ProgramData\Anaconda3\Library\bin;C:\ProgramData\Anaconda3\Library\mingw-w64\bin;C:\Coq;C:\Coq\bin;C:\Program Files\Java\jdk-18.0.2.1;C:\Program Files\Git\cmd;C:\Program Files\nodejs;C:\Users\MacBook\AppData\Local\Microsoft\WindowsApps;C:\Program Files\JetBrains\PyCharm Community Edition 2020.2.2\bin;C:\Users\MacBook\AppData\Local\Programs\Python\Python38\Scripts;C:\Users\MacBook\AppData\Local\Programs\Python\Python38;C:\Users\MacBook\AppData\Local\Programs\Python\Python38\Scripts;C:\Users\MacBook\Desktop\Microsoft VS Code\bin;C:\Program Files\Java\jdk.16.0.1\bin;C:\Program Files\Java\jdk.16.0.1\jre\bin;C:\intelFPGA\20.1\modelsim_ase\win32aloem;C:\Users\MacBook\.dotnet\tools;C:\Program Files\JetBrains\IntelliJ IDEA Educational Edition 2022.2\bin;C:\Users\MacBook\AppData\Roaming\npm;C:\Program Files\Git\usr\bin\vendor_perl;C:\Program Files\Git\usr\bin\core_perl

Yarn version: 
  1.22.19

Node version: 
  16.17.0

Platform: 
  win32 x64

Trace: 
  Error: Can't answer a question unless a user TTY
      at ConsoleReporter.question (C:\Users\MacBook\AppData\Roaming\npm\node_modules\yarn\lib\cli.js:92864:59)
      at Object.<anonymous> (C:\Users\MacBook\AppData\Roaming\npm\node_modules\yarn\lib\cli.js:85054:38)
      at Generator.next (<anonymous>)
      at step (C:\Users\MacBook\AppData\Roaming\npm\node_modules\yarn\lib\cli.js:310:30)
      at C:\Users\MacBook\AppData\Roaming\npm\node_modules\yarn\lib\cli.js:321:13

npm manifest: 
  No manifest

yarn manifest: 
  No manifest

Lockfile: 
  # THIS IS AN AUTOGENERATED FILE. DO NOT EDIT THIS FILE DIRECTLY.
  # yarn lockfile v1
